Site:
* page donateurs : https://fr.ulule.com/openproduct
- Bye domain name
* hebergement : https://www.ovh.com/
* Send mail to all prducer to promote
* Android application : https://www.youtube.com/watch?v=s4EFdLL68ko
* - 1 Site Julia as "service" Ubuntu
* Wiki : autoriser la creation de comptes
* 2 Wiki : Créer infobox sur la droite
* 3 Site/Wiki mutualiser les informations des producteurs : coordonées/Nom, catégorie...

Sécurité:
* login/pwd BDD Wiki + site, restreindre les droits, 
  - créer un login lecture avec droits restreints != login admin
  - Mdp plus sécure
  - login distinct restreint pour le site.
* Firewall & Cie
* Log
* Droits des fichiers sites/wiki

Papier:
* the bank account
* Creer un compte https://play.google.com/intl/fr/console/about/ et publier l'app. : https://copperdigital.com/blog/a-step-by-step-guide-to-upload-app-to-google-play-store/

En Cours
* creation association : https://www.service-public.fr/particuliers/vosdroits/F1119 : A-4-ZBLWXGGAW
